[2023.09.12 14:03:30.234] ★★★ Node.js를 활용한 Web Server 구동(Port:80) ★★★
[2023.09.12 14:03:58.882] ★★★ Node.js를 활용한 Web Server 구동(Port:80) ★★★
[2023.09.12 14:04:12.569] [HTTP] / (Method: GET, IP: ::1)
[2023.09.12 14:04:12.631] [HTTP] /client/resources/css/style.css (Method: GET, IP: ::1)
[2023.09.12 14:04:12.636] [HTTP] /client/resources/css/stylem.css (Method: GET, IP: ::1)
[2023.09.12 14:04:12.638] [HTTP] /client/resources/js/jquery-2.1.1.min.js (Method: GET, IP: ::1)
[2023.09.12 14:04:12.642] [HTTP] /client/build/bundle.js (Method: GET, IP: ::1)
[2023.09.12 14:04:12.646] [Error:404] /client/build/bundle.js/n Error: ENOENT: no such file or directory, stat 'C:\Users\sw1\Desktop\project_setting_manual-front-end_v1.1\client\build\bundle.js'/n
[2023.09.12 14:04:12.971] [HTTP] /favicon.ico (Method: GET, IP: ::1)
[2023.09.12 14:04:12.973] [Error:404] /favicon.ico/n Error: ENOENT: no such file or directory, stat 'C:\Users\sw1\Desktop\project_setting_manual-front-end_v1.1\favicon.ico'/n
[2023.09.12 14:06:10.728] ★★★ Node.js를 활용한 Web Server 구동(Port:80) ★★★
[2023.09.12 14:06:24.934] [HTTP] / (Method: GET, IP: ::1)
[2023.09.12 14:06:25.023] [HTTP] /client/resources/css/stylem.css (Method: GET, IP: ::1)
[2023.09.12 14:06:25.025] [HTTP] /client/resources/css/style.css (Method: GET, IP: ::1)
[2023.09.12 14:06:25.027] [HTTP] /client/resources/js/jquery-2.1.1.min.js (Method: GET, IP: ::1)
[2023.09.12 14:06:25.039] [HTTP] /client/build/bundle.js (Method: GET, IP: ::1)
[2023.09.12 14:06:25.107] [HTTP] /client/resources/jpg/kopi.jpg (Method: GET, IP: ::1)
[2023.09.12 14:06:25.109] [HTTP] /client/resources/jpg/main2.png (Method: GET, IP: ::1)
[2023.09.12 14:06:25.110] [HTTP] /client/resources/jpg/main3.png (Method: GET, IP: ::1)
[2023.09.12 14:06:25.210] [HTTP] /client/resources/jpg/new1.jpg (Method: GET, IP: ::1)
[2023.09.12 14:06:25.244] [HTTP] /client/resources/jpg/new2.jpg (Method: GET, IP: ::1)
[2023.09.12 14:06:25.266] [HTTP] /client/resources/jpg/new3.jpg (Method: GET, IP: ::1)
[2023.09.12 14:06:25.276] [HTTP] /client/resources/jpg/new4.jpg (Method: GET, IP: ::1)
[2023.09.12 14:06:25.281] [HTTP] /client/resources/jpg/ba.jpg (Method: GET, IP: ::1)
[2023.09.12 14:06:25.288] [HTTP] /client/resources/img/left.png (Method: GET, IP: ::1)
[2023.09.12 14:06:25.289] [HTTP] /client/resources/img/right.png (Method: GET, IP: ::1)
[2023.09.12 14:06:25.290] [HTTP] /client/resources/jpg/main5.png (Method: GET, IP: ::1)
[2023.09.12 14:06:30.349] [HTTP] /dataSelectList.json (Method: POST, IP: ::1)
[2023.09.12 14:06:30.369] [HTTP] /client/resources/img/up.png (Method: GET, IP: ::1)
[2023.09.12 14:06:30.370] [HTTP] /client/resources/img/americano.png (Method: GET, IP: ::1)
[2023.09.12 14:06:30.371] [HTTP] /client/resources/img/cafe_latte.png (Method: GET, IP: ::1)
[2023.09.12 14:06:30.371] [HTTP] /client/resources/img/ade.png (Method: GET, IP: ::1)
[2023.09.12 14:06:30.372] [HTTP] /client/resources/img/smoothie.png (Method: GET, IP: ::1)
[2023.09.12 14:06:30.378] [HTTP] /client/resources/img/frappuccino.png (Method: GET, IP: ::1)
[2023.09.12 14:06:30.381] [HTTP] /client/resources/img/coke.png (Method: GET, IP: ::1)
[2023.09.12 14:06:32.145] [HTTP] /orderSelectList.json (Method: POST, IP: ::1)
[2023.09.12 14:06:33.611] [HTTP] /dataSelectList.json (Method: POST, IP: ::1)
[2023.09.12 14:06:34.994] [HTTP] /orderSelectList.json (Method: POST, IP: ::1)
[2023.09.12 14:06:37.642] [HTTP] /dataSelectList.json (Method: POST, IP: ::1)
[2023.09.12 14:58:05.632] ★★★ Node.js를 활용한 Web Server 구동(Port:80) ★★★
[2023.09.12 14:58:18.269] [HTTP] /cafe.page (Method: GET, IP: ::1)
[2023.09.12 14:58:18.503] [HTTP] /client/resources/css/style.css (Method: GET, IP: ::1)
[2023.09.12 14:58:18.506] [HTTP] /client/resources/css/stylem.css (Method: GET, IP: ::1)
[2023.09.12 14:58:18.507] [HTTP] /client/resources/js/jquery-2.1.1.min.js (Method: GET, IP: ::1)
[2023.09.12 14:58:18.508] [HTTP] /client/build/bundle.js (Method: GET, IP: ::1)
[2023.09.12 14:58:18.568] [HTTP] /client/resources/img/up.png (Method: GET, IP: ::1)
[2023.09.12 14:58:18.569] [HTTP] /client/resources/img/americano.png (Method: GET, IP: ::1)
[2023.09.12 14:58:18.571] [HTTP] /client/resources/img/cafe_latte.png (Method: GET, IP: ::1)
[2023.09.12 14:58:18.572] [HTTP] /client/resources/img/ade.png (Method: GET, IP: ::1)
[2023.09.12 14:58:18.575] [HTTP] /client/resources/img/smoothie.png (Method: GET, IP: ::1)
[2023.09.12 14:58:18.576] [HTTP] /client/resources/img/frappuccino.png (Method: GET, IP: ::1)
[2023.09.12 14:58:18.578] [HTTP] /dataSelectList.json (Method: POST, IP: ::1)
[2023.09.12 14:58:18.593] [HTTP] /client/resources/img/coke.png (Method: GET, IP: ::1)
[2023.09.12 14:58:18.604] [Error:500] /dataSelectList.json/n Error: connect ECONNREFUSED ::1:8080
    at TCPConnectWrap.afterConnect [as oncomplete] (node:net:1495:16)/n
[2023.09.12 14:58:20.744] [HTTP] / (Method: GET, IP: ::1)
[2023.09.12 14:58:20.756] [HTTP] /client/resources/css/style.css (Method: GET, IP: ::1)
[2023.09.12 14:58:20.757] [HTTP] /client/resources/css/stylem.css (Method: GET, IP: ::1)
[2023.09.12 14:58:20.758] [HTTP] /client/resources/js/jquery-2.1.1.min.js (Method: GET, IP: ::1)
[2023.09.12 14:58:20.759] [HTTP] /client/build/bundle.js (Method: GET, IP: ::1)
[2023.09.12 14:58:20.773] [HTTP] /client/resources/jpg/kopi.jpg (Method: GET, IP: ::1)
[2023.09.12 14:58:20.776] [HTTP] /client/resources/jpg/main3.png (Method: GET, IP: ::1)
[2023.09.12 14:58:20.776] [HTTP] /client/resources/jpg/main2.png (Method: GET, IP: ::1)
[2023.09.12 14:58:20.777] [HTTP] /client/resources/jpg/main5.png (Method: GET, IP: ::1)
[2023.09.12 14:58:20.777] [HTTP] /client/resources/img/left.png (Method: GET, IP: ::1)
[2023.09.12 14:58:20.778] [HTTP] /client/resources/img/right.png (Method: GET, IP: ::1)
[2023.09.12 14:58:20.782] [HTTP] /client/resources/jpg/new1.jpg (Method: GET, IP: ::1)
[2023.09.12 14:58:20.784] [HTTP] /client/resources/jpg/new2.jpg (Method: GET, IP: ::1)
[2023.09.12 14:58:20.786] [HTTP] /client/resources/jpg/new4.jpg (Method: GET, IP: ::1)
[2023.09.12 14:58:20.787] [HTTP] /client/resources/jpg/ba.jpg (Method: GET, IP: ::1)
[2023.09.12 14:58:20.787] [HTTP] /client/resources/jpg/new3.jpg (Method: GET, IP: ::1)
[2023.09.12 16:27:58.822] ★★★ Node.js를 활용한 Web Server 구동(Port:80) ★★★
[2023.09.12 16:28:23.902] [HTTP] / (Method: GET, IP: ::1)
[2023.09.12 16:28:23.958] [HTTP] /client/resources/css/style.css (Method: GET, IP: ::1)
[2023.09.12 16:28:23.960] [HTTP] /client/resources/js/jquery-2.1.1.min.js (Method: GET, IP: ::1)
[2023.09.12 16:28:23.961] [HTTP] /client/resources/css/stylem.css (Method: GET, IP: ::1)
[2023.09.12 16:28:23.979] [HTTP] /client/build/bundle.js (Method: GET, IP: ::1)
[2023.09.12 16:28:24.036] [HTTP] /client/resources/jpg/kopi.jpg (Method: GET, IP: ::1)
[2023.09.12 16:28:24.037] [HTTP] /client/resources/jpg/main2.png (Method: GET, IP: ::1)
[2023.09.12 16:28:24.038] [HTTP] /client/resources/jpg/main3.png (Method: GET, IP: ::1)
[2023.09.12 16:28:24.137] [HTTP] /client/resources/jpg/new1.jpg (Method: GET, IP: ::1)
[2023.09.12 16:28:24.163] [HTTP] /client/resources/jpg/new2.jpg (Method: GET, IP: ::1)
[2023.09.12 16:28:24.165] [HTTP] /client/resources/jpg/new3.jpg (Method: GET, IP: ::1)
[2023.09.12 16:28:24.169] [HTTP] /client/resources/jpg/new4.jpg (Method: GET, IP: ::1)
[2023.09.12 16:28:24.170] [HTTP] /client/resources/jpg/ba.jpg (Method: GET, IP: ::1)
[2023.09.12 16:28:24.174] [HTTP] /client/resources/img/left.png (Method: GET, IP: ::1)
[2023.09.12 16:28:24.174] [HTTP] /client/resources/img/right.png (Method: GET, IP: ::1)
[2023.09.12 16:28:24.176] [HTTP] /client/resources/jpg/main5.png (Method: GET, IP: ::1)
[2023.09.12 16:28:53.694] ★★★ Node.js를 활용한 Web Server 구동(Port:80) ★★★
[2023.09.12 16:30:34.416] [HTTP] / (Method: GET, IP: ::1)
[2023.09.12 16:30:34.511] [HTTP] /client/resources/css/style.css (Method: GET, IP: ::1)
[2023.09.12 16:30:34.513] [HTTP] /client/resources/js/jquery-2.1.1.min.js (Method: GET, IP: ::1)
[2023.09.12 16:30:34.514] [HTTP] /client/resources/css/stylem.css (Method: GET, IP: ::1)
[2023.09.12 16:30:34.528] [HTTP] /client/build/bundle.js (Method: GET, IP: ::1)
[2023.09.12 16:30:34.572] [HTTP] /client/resources/jpg/kopi.jpg (Method: GET, IP: ::1)
[2023.09.12 16:30:34.573] [HTTP] /client/resources/jpg/main2.png (Method: GET, IP: ::1)
[2023.09.12 16:30:34.575] [HTTP] /client/resources/jpg/main3.png (Method: GET, IP: ::1)
[2023.09.12 16:30:34.578] [HTTP] /client/resources/jpg/main5.png (Method: GET, IP: ::1)
[2023.09.12 16:30:34.580] [HTTP] /client/resources/img/left.png (Method: GET, IP: ::1)
[2023.09.12 16:30:34.582] [HTTP] /client/resources/img/right.png (Method: GET, IP: ::1)
[2023.09.12 16:30:34.583] [HTTP] /client/resources/jpg/new1.jpg (Method: GET, IP: ::1)
[2023.09.12 16:30:34.586] [HTTP] /client/resources/jpg/new2.jpg (Method: GET, IP: ::1)
[2023.09.12 16:30:34.587] [HTTP] /client/resources/jpg/new3.jpg (Method: GET, IP: ::1)
[2023.09.12 16:30:34.588] [HTTP] /client/resources/jpg/new4.jpg (Method: GET, IP: ::1)
[2023.09.12 16:30:34.591] [HTTP] /client/resources/jpg/ba.jpg (Method: GET, IP: ::1)
[2023.09.12 16:30:37.882] [HTTP] /dataSelectList.json (Method: POST, IP: ::1)
[2023.09.12 16:30:37.903] [HTTP] /client/resources/img/up.png (Method: GET, IP: ::1)
[2023.09.12 16:30:37.905] [HTTP] /client/resources/img/americano.png (Method: GET, IP: ::1)
[2023.09.12 16:30:37.905] [HTTP] /client/resources/img/cafe_latte.png (Method: GET, IP: ::1)
[2023.09.12 16:30:37.906] [HTTP] /client/resources/img/ade.png (Method: GET, IP: ::1)
[2023.09.12 16:30:37.907] [HTTP] /client/resources/img/smoothie.png (Method: GET, IP: ::1)
[2023.09.12 16:30:37.917] [Error:500] /dataSelectList.json/n Error: connect ECONNREFUSED ::1:8080
    at TCPConnectWrap.afterConnect [as oncomplete] (node:net:1495:16)/n
[2023.09.12 16:30:37.919] [HTTP] /client/resources/img/coke.png (Method: GET, IP: ::1)
[2023.09.12 16:30:37.920] [HTTP] /client/resources/img/frappuccino.png (Method: GET, IP: ::1)
[2023.09.12 16:31:49.411] [HTTP] /cafe.page (Method: GET, IP: ::1)
[2023.09.12 16:31:49.432] [HTTP] /client/resources/css/style.css (Method: GET, IP: ::1)
[2023.09.12 16:31:49.434] [HTTP] /client/resources/css/stylem.css (Method: GET, IP: ::1)
[2023.09.12 16:31:49.435] [HTTP] /client/build/bundle.js (Method: GET, IP: ::1)
[2023.09.12 16:31:49.436] [HTTP] /client/resources/js/jquery-2.1.1.min.js (Method: GET, IP: ::1)
[2023.09.12 16:31:49.471] [HTTP] /client/resources/img/up.png (Method: GET, IP: ::1)
[2023.09.12 16:31:49.474] [HTTP] /client/resources/img/americano.png (Method: GET, IP: ::1)
[2023.09.12 16:31:49.482] [HTTP] /client/resources/img/cafe_latte.png (Method: GET, IP: ::1)
[2023.09.12 16:31:49.484] [HTTP] /dataSelectList.json (Method: POST, IP: ::1)
[2023.09.12 16:31:49.486] [HTTP] /client/resources/img/smoothie.png (Method: GET, IP: ::1)
[2023.09.12 16:31:49.487] [HTTP] /client/resources/img/ade.png (Method: GET, IP: ::1)
[2023.09.12 16:31:49.487] [HTTP] /client/resources/img/frappuccino.png (Method: GET, IP: ::1)
[2023.09.12 16:31:49.488] [HTTP] /client/resources/img/coke.png (Method: GET, IP: ::1)
[2023.09.12 16:31:49.492] [Error:500] /dataSelectList.json/n Error: connect ECONNREFUSED ::1:8080
    at TCPConnectWrap.afterConnect [as oncomplete] (node:net:1495:16)/n
[2023.09.12 16:31:50.027] [HTTP] /cafe.page (Method: GET, IP: ::1)
[2023.09.12 16:31:50.037] [HTTP] /client/resources/css/style.css (Method: GET, IP: ::1)
[2023.09.12 16:31:50.038] [HTTP] /client/resources/css/stylem.css (Method: GET, IP: ::1)
[2023.09.12 16:31:50.039] [HTTP] /client/resources/js/jquery-2.1.1.min.js (Method: GET, IP: ::1)
[2023.09.12 16:31:50.039] [HTTP] /client/build/bundle.js (Method: GET, IP: ::1)
[2023.09.12 16:31:50.053] [HTTP] /client/resources/img/up.png (Method: GET, IP: ::1)
[2023.09.12 16:31:50.054] [HTTP] /client/resources/img/americano.png (Method: GET, IP: ::1)
[2023.09.12 16:31:50.055] [HTTP] /client/resources/img/cafe_latte.png (Method: GET, IP: ::1)
[2023.09.12 16:31:50.055] [HTTP] /client/resources/img/ade.png (Method: GET, IP: ::1)
[2023.09.12 16:31:50.056] [HTTP] /client/resources/img/smoothie.png (Method: GET, IP: ::1)
[2023.09.12 16:31:50.057] [HTTP] /client/resources/img/frappuccino.png (Method: GET, IP: ::1)
[2023.09.12 16:31:50.061] [HTTP] /dataSelectList.json (Method: POST, IP: ::1)
[2023.09.12 16:31:50.064] [HTTP] /client/resources/img/coke.png (Method: GET, IP: ::1)
[2023.09.12 16:31:50.066] [Error:500] /dataSelectList.json/n Error: connect ECONNREFUSED ::1:8080
    at TCPConnectWrap.afterConnect [as oncomplete] (node:net:1495:16)/n
[2023.09.12 16:31:50.482] [HTTP] /cafe.page (Method: GET, IP: ::1)
[2023.09.12 16:31:50.496] [HTTP] /client/resources/css/style.css (Method: GET, IP: ::1)
[2023.09.12 16:31:50.498] [HTTP] /client/resources/css/stylem.css (Method: GET, IP: ::1)
[2023.09.12 16:31:50.501] [HTTP] /client/resources/js/jquery-2.1.1.min.js (Method: GET, IP: ::1)
[2023.09.12 16:31:50.503] [HTTP] /client/build/bundle.js (Method: GET, IP: ::1)
[2023.09.12 16:31:50.525] [HTTP] /client/resources/img/up.png (Method: GET, IP: ::1)
[2023.09.12 16:31:50.527] [HTTP] /dataSelectList.json (Method: POST, IP: ::1)
[2023.09.12 16:31:50.531] [HTTP] /client/resources/img/americano.png (Method: GET, IP: ::1)
[2023.09.12 16:31:50.532] [HTTP] /client/resources/img/cafe_latte.png (Method: GET, IP: ::1)
[2023.09.12 16:31:50.533] [HTTP] /client/resources/img/ade.png (Method: GET, IP: ::1)
[2023.09.12 16:31:50.534] [HTTP] /client/resources/img/smoothie.png (Method: GET, IP: ::1)
[2023.09.12 16:31:50.543] [Error:500] /dataSelectList.json/n Error: connect ECONNREFUSED ::1:8080
    at TCPConnectWrap.afterConnect [as oncomplete] (node:net:1495:16)/n
[2023.09.12 16:31:50.545] [HTTP] /client/resources/img/frappuccino.png (Method: GET, IP: ::1)
[2023.09.12 16:31:50.547] [HTTP] /client/resources/img/coke.png (Method: GET, IP: ::1)
[2023.09.12 16:32:22.606] [HTTP] /client/resources/css/style.css (Method: GET, IP: ::1)
[2023.09.12 16:32:22.607] [HTTP] /client/resources/css/stylem.css (Method: GET, IP: ::1)
[2023.09.12 16:32:37.372] [HTTP] /dataInsert.json (Method: POST, IP: ::1)
[2023.09.12 16:32:37.375] [Error:500] /dataInsert.json/n Error: connect ECONNREFUSED ::1:8080
    at TCPConnectWrap.afterConnect [as oncomplete] (node:net:1495:16)/n
[2023.09.12 16:56:24.821] [HTTP] /dataSelectList.json (Method: GET, IP: ::1)
[2023.09.12 16:56:24.824] [Error:500] /dataSelectList.json/n Error: connect ECONNREFUSED ::1:8080
    at TCPConnectWrap.afterConnect [as oncomplete] (node:net:1495:16)/n
[2023.09.12 17:37:30.405] ★★★ Node.js를 활용한 Web Server 구동(Port:80) ★★★
[2023.09.12 17:37:44.145] [HTTP] / (Method: GET, IP: ::1)
[2023.09.12 17:37:44.204] [HTTP] /client/resources/css/style.css (Method: GET, IP: ::1)
[2023.09.12 17:37:44.209] [HTTP] /client/resources/css/stylem.css (Method: GET, IP: ::1)
[2023.09.12 17:37:44.212] [HTTP] /client/resources/js/jquery-2.1.1.min.js (Method: GET, IP: ::1)
[2023.09.12 17:37:44.214] [HTTP] /client/build/bundle.js (Method: GET, IP: ::1)
[2023.09.12 17:37:44.262] [HTTP] /client/resources/jpg/main3.png (Method: GET, IP: ::1)
[2023.09.12 17:37:44.264] [HTTP] /client/resources/jpg/main2.png (Method: GET, IP: ::1)
[2023.09.12 17:37:44.265] [HTTP] /client/resources/jpg/kopi.jpg (Method: GET, IP: ::1)
[2023.09.12 17:37:44.266] [HTTP] /client/resources/jpg/main5.png (Method: GET, IP: ::1)
[2023.09.12 17:37:44.270] [HTTP] /client/resources/img/right.png (Method: GET, IP: ::1)
[2023.09.12 17:37:44.271] [HTTP] /client/resources/img/left.png (Method: GET, IP: ::1)
[2023.09.12 17:37:44.274] [HTTP] /client/resources/jpg/new1.jpg (Method: GET, IP: ::1)
[2023.09.12 17:37:44.275] [HTTP] /client/resources/jpg/new2.jpg (Method: GET, IP: ::1)
[2023.09.12 17:37:44.277] [HTTP] /client/resources/jpg/new3.jpg (Method: GET, IP: ::1)
[2023.09.12 17:37:44.279] [HTTP] /client/resources/jpg/new4.jpg (Method: GET, IP: ::1)
[2023.09.12 17:37:44.281] [HTTP] /client/resources/jpg/ba.jpg (Method: GET, IP: ::1)
[2023.09.12 17:37:44.377] [HTTP] /favicon.ico (Method: GET, IP: ::1)
[2023.09.12 17:37:44.380] [Error:404] /favicon.ico/n Error: ENOENT: no such file or directory, stat 'C:\Users\sw1\Desktop\project_setting_manual-front-end_v1.1\favicon.ico'/n
[2023.09.12 17:37:54.400] [HTTP] /dataSelectList.json (Method: POST, IP: ::1)
[2023.09.12 17:37:54.422] [HTTP] /client/resources/img/americano.png (Method: GET, IP: ::1)
[2023.09.12 17:37:54.423] [HTTP] /client/resources/img/cafe_latte.png (Method: GET, IP: ::1)
[2023.09.12 17:37:54.424] [HTTP] /client/resources/img/ade.png (Method: GET, IP: ::1)
[2023.09.12 17:37:54.424] [HTTP] /client/resources/img/up.png (Method: GET, IP: ::1)
[2023.09.12 17:37:54.425] [HTTP] /client/resources/img/smoothie.png (Method: GET, IP: ::1)
[2023.09.12 17:37:54.431] [HTTP] /client/resources/img/frappuccino.png (Method: GET, IP: ::1)
[2023.09.12 17:37:54.432] [HTTP] /client/resources/img/coke.png (Method: GET, IP: ::1)
[2023.09.12 17:37:58.746] [HTTP] /client/resources/css/style.css (Method: GET, IP: ::1)
[2023.09.12 17:37:58.747] [HTTP] /client/resources/css/stylem.css (Method: GET, IP: ::1)
